<?xml version="1.0" encoding="UTF-8"?>
<testsuite name="ru.safron.DemoQATest" tests="2" skipped="0" failures="0" errors="0" timestamp="2021-09-04T14:37:29" hostname="SYNOK" time="0.035">
  <properties/>
  <testcase name="SecondTest()" classname="ru.safron.DemoQATest" time="0.029"/>
  <testcase name="firstTest()" classname="ru.safron.DemoQATest" time="0.005"/>
  <system-out><![CDATA[Before all!

Before

Second

After

Before

Blyaha-muha

After

After all!

]]></system-out>
  <system-err><![CDATA[]]></system-err>
</testsuite>
